<?xml version="1.0" encoding="UTF-8"?>
<testsuite name="WalletTest" tests="4" skipped="0" failures="0" errors="0" timestamp="2022-03-20T12:44:32" hostname="Sheetals-MacBook-Pro.local" time="0.035">
  <properties/>
  <testcase name="ShouldEquateOneDollarTo74Point85()" classname="WalletTest" time="0.03"/>
  <testcase name="ShouldEquate74Point85ToOneDollar()" classname="WalletTest" time="0.002"/>
  <testcase name="ShouldCreditAmountToWallet()" classname="WalletTest" time="0.001"/>
  <testcase name="ShouldDebitFromWallet()" classname="WalletTest" time="0.0"/>
  <system-out><![CDATA[]]></system-out>
  <system-err><![CDATA[]]></system-err>
</testsuite>
