<?xml version="1.0" encoding="UTF-8"?>
<testsuite name="WalletTest" tests="2" skipped="0" failures="0" errors="0" timestamp="2022-03-20T10:35:21" hostname="Sheetals-MacBook-Pro.local" time="0.023">
  <properties/>
  <testcase name="ShouldEquateOneDollarTo74Point85()" classname="WalletTest" time="0.021"/>
  <testcase name="ShouldEquate74Point85ToOneDollar()" classname="WalletTest" time="0.001"/>
  <system-out><![CDATA[]]></system-out>
  <system-err><![CDATA[]]></system-err>
</testsuite>
